0 info it worked if it ends with ok
1 verbose cli [ '/usr/local/bin/node',
1 verbose cli   '/usr/local/bin/npm',
1 verbose cli   'install',
1 verbose cli   '-g',
1 verbose cli   'ios-deploy' ]
2 info using npm@2.14.7
3 info using node@v4.2.2
4 verbose install initial load of /usr/local/lib/package.json
5 verbose readDependencies loading dependencies from /usr/local/lib/package.json
6 silly cache add args [ 'ios-deploy', null ]
7 verbose cache add spec ios-deploy
8 silly cache add parsed spec Result {
8 silly cache add   raw: 'ios-deploy',
8 silly cache add   scope: null,
8 silly cache add   name: 'ios-deploy',
8 silly cache add   rawSpec: '',
8 silly cache add   spec: '*',
8 silly cache add   type: 'range' }
9 silly addNamed ios-deploy@*
10 verbose addNamed "*" is a valid semver range for ios-deploy
11 silly addNameRange { name: 'ios-deploy', range: '*', hasData: false }
12 silly mapToRegistry name ios-deploy
13 silly mapToRegistry using default registry
14 silly mapToRegistry registry https://registry.npmjs.org/
15 silly mapToRegistry uri https://registry.npmjs.org/ios-deploy
16 verbose addNameRange registry:https://registry.npmjs.org/ios-deploy not in flight; fetching
17 verbose request uri https://registry.npmjs.org/ios-deploy
18 verbose request no auth needed
19 info attempt registry request try #1 at 1:35:20 PM
20 verbose request id c1cb5366640f14f5
21 verbose etag "81NX9HBLREKB5KSUAXMQ0IXPI"
22 http request GET https://registry.npmjs.org/ios-deploy
23 http 304 https://registry.npmjs.org/ios-deploy
24 verbose headers { date: 'Tue, 12 Apr 2016 17:35:21 GMT',
24 verbose headers   via: '1.1 varnish',
24 verbose headers   'cache-control': 'max-age=300',
24 verbose headers   etag: '"81NX9HBLREKB5KSUAXMQ0IXPI"',
24 verbose headers   age: '17',
24 verbose headers   connection: 'keep-alive',
24 verbose headers   'x-served-by': 'cache-dfw1825-DFW',
24 verbose headers   'x-cache': 'HIT',
24 verbose headers   'x-cache-hits': '1',
24 verbose headers   'x-timer': 'S1460482521.548394,VS0,VE0',
24 verbose headers   vary: 'Accept-Encoding' }
25 silly get cb [ 304,
25 silly get   { date: 'Tue, 12 Apr 2016 17:35:21 GMT',
25 silly get     via: '1.1 varnish',
25 silly get     'cache-control': 'max-age=300',
25 silly get     etag: '"81NX9HBLREKB5KSUAXMQ0IXPI"',
25 silly get     age: '17',
25 silly get     connection: 'keep-alive',
25 silly get     'x-served-by': 'cache-dfw1825-DFW',
25 silly get     'x-cache': 'HIT',
25 silly get     'x-cache-hits': '1',
25 silly get     'x-timer': 'S1460482521.548394,VS0,VE0',
25 silly get     vary: 'Accept-Encoding' } ]
26 verbose etag https://registry.npmjs.org/ios-deploy from cache
27 verbose get saving ios-deploy to /Users/Sercan/.npm/registry.npmjs.org/ios-deploy/.cache.json
28 silly addNameRange number 2 { name: 'ios-deploy', range: '*', hasData: true }
29 silly addNameRange versions [ 'ios-deploy',
29 silly addNameRange   [ '1.0.1',
29 silly addNameRange     '1.0.2',
29 silly addNameRange     '1.0.3',
29 silly addNameRange     '1.0.4',
29 silly addNameRange     '1.0.5',
29 silly addNameRange     '1.0.6',
29 silly addNameRange     '1.0.7',
29 silly addNameRange     '1.0.8',
29 silly addNameRange     '1.0.9',
29 silly addNameRange     '1.1.0',
29 silly addNameRange     '1.2.0',
29 silly addNameRange     '1.3.0',
29 silly addNameRange     '1.3.1',
29 silly addNameRange     '1.3.2',
29 silly addNameRange     '1.4.0',
29 silly addNameRange     '1.5.0',
29 silly addNameRange     '1.6.0',
29 silly addNameRange     '1.6.1',
29 silly addNameRange     '1.6.2',
29 silly addNameRange     '1.6.3',
29 silly addNameRange     '1.7.0',
29 silly addNameRange     '1.8.0',
29 silly addNameRange     '1.8.1',
29 silly addNameRange     '1.8.2',
29 silly addNameRange     '1.8.3',
29 silly addNameRange     '1.8.4',
29 silly addNameRange     '1.8.5',
29 silly addNameRange     '1.8.6' ] ]
30 silly addNamed ios-deploy@1.8.6
31 verbose addNamed "1.8.6" is a plain semver version for ios-deploy
32 silly cache afterAdd ios-deploy@1.8.6
33 verbose afterAdd /Users/Sercan/.npm/ios-deploy/1.8.6/package/package.json not in flight; writing
34 verbose afterAdd /Users/Sercan/.npm/ios-deploy/1.8.6/package/package.json written
35 silly install resolved [ { name: 'ios-deploy',
35 silly install resolved     version: '1.8.6',
35 silly install resolved     os: [ 'darwin' ],
35 silly install resolved     description: 'launch iOS apps iOS devices from the command line (Xcode 7)',
35 silly install resolved     main: 'ios-deploy',
35 silly install resolved     scripts:
35 silly install resolved      { preinstall: './src/scripts/check_reqs.js && xcodebuild',
35 silly install resolved        test: 'npm run pycompile && npm run jshint && xcodebuild -target ios-deploy-lib && xcodebuild test -scheme ios-deploy-tests',
35 silly install resolved        jshint: 'node node_modules/jshint/bin/jshint src/scripts/*.js',
35 silly install resolved        pycompile: 'python -m py_compile src/scripts/*.py' },
35 silly install resolved     bin: { 'ios-deploy': './build/Release/ios-deploy' },
35 silly install resolved     repository:
35 silly install resolved      { type: 'git',
35 silly install resolved        url: 'git+https://github.com/phonegap/ios-deploy.git' },
35 silly install resolved     devDependencies: { jshint: '2.5.8' },
35 silly install resolved     keywords: [ 'ios-deploy', 'deploy to iOS device' ],
35 silly install resolved     bugs: { url: 'https://github.com/phonegap/ios-deploy/issues' },
35 silly install resolved     author: { name: 'Greg Hughes' },
35 silly install resolved     license: 'GPLv3',
35 silly install resolved     gitHead: 'd7cccae1ade60378ce1134f496b68eeac53eb860',
35 silly install resolved     homepage: 'https://github.com/phonegap/ios-deploy#readme',
35 silly install resolved     _id: 'ios-deploy@1.8.6',
35 silly install resolved     _shasum: 'abb0b5132e7e6c89d1f521ba7c81c44eec54d4f5',
35 silly install resolved     _from: 'ios-deploy@*',
35 silly install resolved     _npmVersion: '2.14.7',
35 silly install resolved     _nodeVersion: '4.2.2',
35 silly install resolved     _npmUser: { name: 'shazron', email: 'shazron@gmail.com' },
35 silly install resolved     maintainers: [ [Object], [Object], [Object] ],
35 silly install resolved     dist:
35 silly install resolved      { shasum: 'abb0b5132e7e6c89d1f521ba7c81c44eec54d4f5',
35 silly install resolved        tarball: 'https://registry.npmjs.org/ios-deploy/-/ios-deploy-1.8.6.tgz' },
35 silly install resolved     _npmOperationalInternal:
35 silly install resolved      { host: 'packages-16-east.internal.npmjs.com',
35 silly install resolved        tmp: 'tmp/ios-deploy-1.8.6.tgz_1460409336359_0.34613347332924604' },
35 silly install resolved     directories: {},
35 silly install resolved     _resolved: 'https://registry.npmjs.org/ios-deploy/-/ios-deploy-1.8.6.tgz',
35 silly install resolved     readme: 'ERROR: No README data found!' } ]
36 info install ios-deploy@1.8.6 into /usr/local/lib
37 info installOne ios-deploy@1.8.6
38 verbose installOne of ios-deploy to /usr/local/lib not in flight; installing
39 verbose lock using /Users/Sercan/.npm/_locks/ios-deploy-198957223cd98201.lock for /usr/local/lib/node_modules/ios-deploy
40 silly install write writing ios-deploy 1.8.6 to /usr/local/lib/node_modules/ios-deploy
41 verbose unbuild lib/node_modules/ios-deploy
42 silly gentlyRm /usr/local/lib/node_modules/ios-deploy is being purged from base /usr/local
43 verbose gentlyRm don't care about contents; nuking /usr/local/lib/node_modules/ios-deploy
44 verbose tar unpack /Users/Sercan/.npm/ios-deploy/1.8.6/package.tgz
45 verbose tar unpacking to /usr/local/lib/node_modules/ios-deploy
46 silly gentlyRm /usr/local/lib/node_modules/ios-deploy is being purged
47 verbose gentlyRm don't care about contents; nuking /usr/local/lib/node_modules/ios-deploy
48 silly gunzTarPerm modes [ '755', '644' ]
49 silly gunzTarPerm extractEntry package.json
50 silly gunzTarPerm extractEntry .npmignore
51 silly gunzTarPerm extractEntry README.md
52 silly gunzTarPerm extractEntry LICENSE
53 silly gunzTarPerm extractEntry CONTRIBUTING.md
54 silly gunzTarPerm extractEntry demo/.npmignore
55 silly gunzTarPerm extractEntry demo/Entitlements.plist
56 silly gunzTarPerm extractEntry demo/Info.plist
57 silly gunzTarPerm extractEntry demo/Makefile
58 silly gunzTarPerm extractEntry demo/ResourceRules.plist
59 silly gunzTarPerm extractEntry demo/demo.c
60 silly gunzTarPerm extractEntry ios-deploy.xcodeproj/project.pbxproj
61 silly gunzTarPerm extractEntry ios-deploy.xcodeproj/project.xcworkspace/xcuserdata/shaz.xcuserdatad/UserInterfaceState.xcuserstate
62 silly gunzTarPerm extractEntry ios-deploy.xcodeproj/xcshareddata/xcschemes/ios-deploy-tests.xcscheme
63 silly gunzTarPerm extractEntry ios-deploy.xcodeproj/xcuserdata/shaz.xcuserdatad/xcschemes/ios-deploy-lib.xcscheme
64 silly gunzTarPerm extractEntry ios-deploy.xcodeproj/xcuserdata/shaz.xcuserdatad/xcschemes/ios-deploy.xcscheme
65 silly gunzTarPerm extractEntry ios-deploy.xcodeproj/xcuserdata/shaz.xcuserdatad/xcschemes/xcschememanagement.plist
66 silly gunzTarPerm extractEntry src/ios-deploy/MobileDevice.h
67 silly gunzTarPerm extractEntry src/ios-deploy/errors.h
68 silly gunzTarPerm extractEntry src/ios-deploy/ios-deploy.m
69 silly gunzTarPerm extractEntry src/ios-deploy/version.h
70 silly gunzTarPerm extractEntry src/ios-deploy-lib/libios_deploy.h
71 silly gunzTarPerm extractEntry src/ios-deploy-lib/libios_deploy.m
72 silly gunzTarPerm extractEntry src/ios-deploy-tests/Info.plist
73 silly gunzTarPerm extractEntry src/ios-deploy-tests/ios_deploy_tests.m
74 silly gunzTarPerm extractEntry src/scripts/check_reqs.js
75 silly gunzTarPerm extractEntry src/scripts/lldb.py
76 verbose write writing to /usr/local/lib/node_modules/ios-deploy/package.json
77 info preinstall ios-deploy@1.8.6
78 verbose unsafe-perm in lifecycle false
79 info ios-deploy@1.8.6 Failed to exec preinstall script
80 verbose unlock done using /Users/Sercan/.npm/_locks/ios-deploy-198957223cd98201.lock for /usr/local/lib/node_modules/ios-deploy
81 verbose stack Error: ios-deploy@1.8.6 preinstall: `./src/scripts/check_reqs.js && xcodebuild`
81 verbose stack Exit status 134
81 verbose stack     at EventEmitter.<anonymous> (/usr/local/lib/node_modules/npm/lib/utils/lifecycle.js:214:16)
81 verbose stack     at emitTwo (events.js:87:13)
81 verbose stack     at EventEmitter.emit (events.js:172:7)
81 verbose stack     at ChildProcess.<anonymous> (/usr/local/lib/node_modules/npm/lib/utils/spawn.js:24:14)
81 verbose stack     at emitTwo (events.js:87:13)
81 verbose stack     at ChildProcess.emit (events.js:172:7)
81 verbose stack     at maybeClose (internal/child_process.js:818:16)
81 verbose stack     at Process.ChildProcess._handle.onexit (internal/child_process.js:211:5)
82 verbose pkgid ios-deploy@1.8.6
83 verbose cwd /Users/Sercan/GitHub/cordova_meetcute/meetcute
84 error Darwin 15.4.0
85 error argv "/usr/local/bin/node" "/usr/local/bin/npm" "install" "-g" "ios-deploy"
86 error node v4.2.2
87 error npm  v2.14.7
88 error code ELIFECYCLE
89 error ios-deploy@1.8.6 preinstall: `./src/scripts/check_reqs.js && xcodebuild`
89 error Exit status 134
90 error Failed at the ios-deploy@1.8.6 preinstall script './src/scripts/check_reqs.js && xcodebuild'.
90 error This is most likely a problem with the ios-deploy package,
90 error not with npm itself.
90 error Tell the author that this fails on your system:
90 error     ./src/scripts/check_reqs.js && xcodebuild
90 error You can get their info via:
90 error     npm owner ls ios-deploy
90 error There is likely additional logging output above.
91 verbose exit [ 1, true ]
92 verbose unbuild lib/node_modules/ios-deploy
93 info preuninstall ios-deploy@1.8.6
94 info uninstall ios-deploy@1.8.6
95 verbose unbuild rmStuff ios-deploy@1.8.6 from /usr/local/lib/node_modules
96 silly gentlyRm /usr/local/bin/ios-deploy is being gently removed
97 silly gentlyRm verifying /usr/local is an npm working directory
98 silly gentlyRm containing path /usr/local is under npm's control, in /usr/local
99 silly gentlyRm deletion target /usr/local/bin/ios-deploy is under /usr/local
100 verbose gentlyRm vacuuming from /usr/local/bin/ios-deploy up to /usr/local
101 info postuninstall ios-deploy@1.8.6
102 silly gentlyRm /usr/local/lib/node_modules/ios-deploy is being purged from base /usr/local
103 verbose gentlyRm don't care about contents; nuking /usr/local/lib/node_modules/ios-deploy
104 silly vacuum-fs purging /usr/local/lib/node_modules/ios-deploy
105 silly vacuum-fs quitting because other entries in /usr/local/lib/node_modules
